<?xml version="1.0" encoding="UTF-8"?>
<coverage generated="1633471811035" clover="3.2.0">
  <project timestamp="1633471811036" name="All files">
    <metrics statements="14" coveredstatements="14" conditionals="4" coveredconditionals="4" methods="5" coveredmethods="5" elements="23" coveredelements="23" complexity="0" loc="14" ncloc="14" packages="1" files="1" classes="1"/>
    <file name="index.js" path="C:\Users\USER\Desktop\microverse\testing-pages\index.js">
      <metrics statements="14" coveredstatements="14" conditionals="4" coveredconditionals="4" methods="5" coveredmethods="5"/>
      <line num="1" count="1" type="stmt"/>
      <line num="2" count="3" type="cond" truecount="4" falsecount="0"/>
      <line num="3" count="2" type="stmt"/>
      <line num="5" count="1" type="stmt"/>
      <line num="8" count="1" type="stmt"/>
      <line num="9" count="1" type="stmt"/>
      <line num="10" count="1" type="stmt"/>
      <line num="13" count="1" type="stmt"/>
      <line num="14" count="1" type="stmt"/>
      <line num="17" count="1" type="stmt"/>
      <line num="18" count="1" type="stmt"/>
      <line num="21" count="1" type="stmt"/>
      <line num="22" count="1" type="stmt"/>
      <line num="25" count="1" type="stmt"/>
    </file>
  </project>
</coverage>
